#
# There is insufficient memory for the Java Runtime Environment to continue.
# Native memory allocation (malloc) failed to allocate 1358896 bytes for Chunk::new
# Possible reasons:
#   The system is out of physical RAM or swap space
#   In 32 bit mode, the process size limit was hit
# Possible solutions:
#   Reduce memory load on the system
#   Increase physical memory or swap space
#   Check if swap backing store is full
#   Use 64 bit Java on a 64 bit OS
#   Decrease Java heap size (-Xmx/-Xms)
#   Decrease number of Java threads
#   Decrease Java thread stack sizes (-Xss)
#   Set larger code cache with -XX:ReservedCodeCacheSize=
# This output file may be truncated or incomplete.
#
#  Out of Memory Error (allocation.cpp:390), pid=8196, tid=0x0000000000002d24
#
# JRE version: OpenJDK Runtime Environment (8.0_152-b01) (build 1.8.0_152-release-1248-b01)
# Java VM: OpenJDK 64-Bit Server VM (25.152-b01 mixed mode windows-amd64 compressed oops)
# Failed to write core dump. Minidumps are not enabled by default on client versions of Windows
#

---------------  T H R E A D  ---------------

Current thread (0x000000001863b800):  JavaThread "C2 CompilerThread0" daemon [_thread_in_native, id=11556, stack(0x0000000018e00000,0x0000000018f00000)]

Stack: [0x0000000018e00000,0x0000000018f00000]
[error occurred during error reporting (printing stack bounds), id 0xc0000005]

Native frames: (J=compiled Java code, j=interpreted, Vv=VM code, C=native code)


Current CompileTask:
C2:6657084 30892       4       com.android.ide.common.resources.NodeUtils::duplicateNode (315 bytes)


---------------  P R O C E S S  ---------------

Java Threads: ( => current thread )
  0x000000002041b000 JavaThread "stdout" daemon [_thread_in_native, id=1740, stack(0x000000002ac90000,0x000000002ad90000)]
  0x0000000020414800 JavaThread "stderr" daemon [_thread_in_native, id=9868, stack(0x000000002a790000,0x000000002a890000)]
  0x0000000020419800 JavaThread "stdout" daemon [_thread_in_native, id=19508, stack(0x000000002ab90000,0x000000002ac90000)]
  0x0000000020418000 JavaThread "stderr" daemon [_thread_in_native, id=20056, stack(0x000000002a8b0000,0x000000002a9b0000)]
  0x0000000020419000 JavaThread "stdout" daemon [_thread_in_native, id=18456, stack(0x000000002a690000,0x000000002a790000)]
  0x0000000020417800 JavaThread "stderr" daemon [_thread_in_native, id=20464, stack(0x000000002a590000,0x000000002a690000)]
  0x000000001dcbe800 JavaThread "stdout" daemon [_thread_in_native, id=11964, stack(0x000000002a490000,0x000000002a590000)]
  0x000000001dcc1000 JavaThread "stderr" daemon [_thread_in_native, id=9968, stack(0x000000002a390000,0x000000002a490000)]
  0x000000001dcbc800 JavaThread "stdout" daemon [_thread_in_native, id=13032, stack(0x000000002a290000,0x000000002a390000)]
  0x000000001dcbb800 JavaThread "stderr" daemon [_thread_in_native, id=3144, stack(0x000000002a190000,0x000000002a290000)]
  0x000000001dcc0000 JavaThread "stdout" daemon [_thread_in_native, id=20468, stack(0x000000002a090000,0x000000002a190000)]
  0x000000001dcbe000 JavaThread "stderr" daemon [_thread_in_native, id=3760, stack(0x0000000029f90000,0x000000002a090000)]
  0x000000001dcbd000 JavaThread "stdout" daemon [_thread_in_native, id=12796, stack(0x0000000029e90000,0x0000000029f90000)]
  0x000000001dcb4000 JavaThread "stderr" daemon [_thread_in_native, id=11636, stack(0x0000000029d90000,0x0000000029e90000)]
  0x000000001dcbb000 JavaThread "ForkJoinPool.commonPool-worker-1" daemon [_thread_blocked, id=16236, stack(0x0000000029c90000,0x0000000029d90000)]
  0x000000001dcba000 JavaThread "ForkJoinPool.commonPool-worker-0" daemon [_thread_blocked, id=11280, stack(0x0000000029890000,0x0000000029990000)]
  0x000000001dcb9800 JavaThread "ForkJoinPool.commonPool-worker-5" daemon [_thread_blocked, id=8000, stack(0x0000000029690000,0x0000000029790000)]
  0x000000001dcb3800 JavaThread "pool-63-thread-1" [_thread_blocked, id=2024, stack(0x0000000029190000,0x0000000029290000)]
  0x000000001dcb2800 JavaThread "Cache worker for Build Output Cleanup Cache (C:\Users\MONSTER\Desktop\ehliyetkursuuygulamasi\Fahrschule4YOU\.gradle\buildOutputCleanup)" [_thread_blocked, id=10956, stack(0x0000000029090000,0x0000000029190000)]
  0x000000001dcb2000 JavaThread "Cache worker for task history cache (C:\Users\MONSTER\Desktop\ehliyetkursuuygulamasi\Fahrschule4YOU\.gradle\4.10.1\taskHistory)" [_thread_blocked, id=17712, stack(0x0000000028c90000,0x0000000028d90000)]
  0x000000001dcb8000 JavaThread "Task worker for ':' Thread 7" [_thread_blocked, id=8284, stack(0x00000000288e0000,0x00000000289e0000)]
  0x000000001dcb7000 JavaThread "Task worker for ':' Thread 6" [_thread_blocked, id=12208, stack(0x0000000028190000,0x0000000028290000)]
  0x000000001dcb6800 JavaThread "Task worker for ':' Thread 5" [_thread_blocked, id=11200, stack(0x0000000027e90000,0x0000000027f90000)]
  0x000000001dcb5800 JavaThread "Task worker for ':' Thread 4" [_thread_blocked, id=19744, stack(0x0000000027690000,0x0000000027790000)]
  0x000000001dcb5000 JavaThread "Task worker for ':' Thread 3" [_thread_blocked, id=5612, stack(0x0000000027290000,0x0000000027390000)]
  0x000000001dcb8800 JavaThread "Task worker for ':' Thread 2" [_thread_blocked, id=18768, stack(0x0000000026f90000,0x0000000027090000)]
  0x000000001c8f7800 JavaThread "Task worker for ':'" [_thread_blocked, id=4236, stack(0x0000000026e90000,0x0000000026f90000)]
  0x000000001c8fe000 JavaThread "Cache worker for file content cache (C:\Users\MONSTER\Desktop\ehliyetkursuuygulamasi\Fahrschule4YOU\.gradle\4.10.1\fileContent)" [_thread_blocked, id=1344, stack(0x0000000026d90000,0x0000000026e90000)]
  0x000000001c8fc000 JavaThread "pool-62-thread-1" [_thread_blocked, id=3824, stack(0x0000000026c90000,0x0000000026d90000)]
  0x000000001c8fd800 JavaThread "Build operations Thread 8" [_thread_blocked, id=1040, stack(0x0000000026b90000,0x0000000026c90000)]
  0x000000001c8fb000 JavaThread "Build operations Thread 7" [_thread_blocked, id=18892, stack(0x00000000246d0000,0x00000000247d0000)]
  0x000000001c8f3000 JavaThread "Build operations Thread 6" [_thread_blocked, id=16392, stack(0x0000000022b60000,0x0000000022c60000)]
  0x000000001c8f3800 JavaThread "Build operations Thread 5" [_thread_blocked, id=7784, stack(0x0000000022a60000,0x0000000022b60000)]
  0x000000001c8f6800 JavaThread "Build operations Thread 4" [_thread_blocked, id=13628, stack(0x0000000022960000,0x0000000022a60000)]
  0x000000001c8f9000 JavaThread "Build operations Thread 3" [_thread_blocked, id=1516, stack(0x0000000022860000,0x0000000022960000)]
  0x000000001c8f6000 JavaThread "Build operations Thread 2" [_thread_blocked, id=15192, stack(0x0000000022760000,0x0000000022860000)]
  0x000000001c8f8000 JavaThread "Build operations" [_thread_blocked, id=8296, stack(0x0000000022660000,0x0000000022760000)]
  0x000000001c8f4800 JavaThread "Cache worker for cache directory md-rule (C:\Users\MONSTER\.gradle\caches\4.10.1\md-rule)" [_thread_blocked, id=14872, stack(0x0000000021f30000,0x0000000022030000)]
  0x000000001c8f5000 JavaThread "Cache worker for cache directory md-supplier (C:\Users\MONSTER\.gradle\caches\4.10.1\md-supplier)" [_thread_blocked, id=13852, stack(0x000000001f8a0000,0x000000001f9a0000)]
  0x000000001c8ef000 JavaThread "Cache worker for file hash cache (C:\Users\MONSTER\Desktop\ehliyetkursuuygulamasi\Fahrschule4YOU\.gradle\4.10.1\fileHashes)" [_thread_blocked, id=13788, stack(0x000000001f4c0000,0x000000001f5c0000)]
  0x000000001c8f2000 JavaThread "Stdin handler" [_thread_blocked, id=19608, stack(0x000000001d120000,0x000000001d220000)]
  0x000000001c8f1800 JavaThread "Asynchronous log dispatcher for DefaultDaemonConnection: socket connection from /127.0.0.1:49965 to /127.0.0.1:52670" [_thread_blocked, id=2752, stack(0x000000001bb50000,0x000000001bc50000)]
  0x000000001c8f0800 JavaThread "Cancel handler" [_thread_blocked, id=19740, stack(0x000000001ba50000,0x000000001bb50000)]
  0x000000001c8f0000 JavaThread "Handler for socket connection from /127.0.0.1:49965 to /127.0.0.1:52670" [_thread_in_native, id=10548, stack(0x000000001b750000,0x000000001b850000)]
  0x000000001c8fa800 JavaThread "ForkJoinPool.commonPool-worker-3" daemon [_thread_blocked, id=10732, stack(0x000000002aa90000,0x000000002ab90000)]
  0x000000001d90f000 JavaThread "ForkJoinPool.commonPool-worker-7" daemon [_thread_blocked, id=1412, stack(0x0000000028f90000,0x0000000029090000)]
  0x000000001d90d800 JavaThread "ForkJoinPool.commonPool-worker-6" daemon [_thread_blocked, id=20232, stack(0x0000000029990000,0x0000000029a90000)]
  0x000000001d906800 JavaThread "ForkJoinPool.commonPool-worker-4" daemon [_thread_blocked, id=3676, stack(0x0000000029790000,0x0000000029890000)]
  0x000000001c4bf000 JavaThread "Daemon worker Thread 20" [_thread_blocked, id=8320, stack(0x000000001b450000,0x000000001b550000)]
  0x000000001c4bf800 JavaThread "Daemon Thread 20" [_thread_blocked, id=13008, stack(0x0000000000b60000,0x0000000000c60000)]
  0x000000001d914800 JavaThread "Cache worker for Java compile cache (C:\Users\MONSTER\.gradle\caches\4.10.1\javaCompile)" [_thread_blocked, id=19736, stack(0x0000000027590000,0x0000000027690000)]
  0x000000001d910000 JavaThread "Cache worker for file content cache (C:\Users\MONSTER\.gradle\caches\4.10.1\fileContent)" [_thread_blocked, id=18788, stack(0x0000000024290000,0x0000000024390000)]
  0x000000001d90e800 JavaThread "Memory manager" [_thread_blocked, id=8936, stack(0x00000000243d0000,0x00000000244d0000)]
  0x000000001c4c4000 JavaThread "Cache worker for Artifact transforms cache (C:\Users\MONSTER\.gradle\caches\transforms-1)" [_thread_blocked, id=7036, stack(0x0000000021e30000,0x0000000021f30000)]
  0x000000001c4c1000 JavaThread "Cache worker for journal cache (C:\Users\MONSTER\.gradle\caches\journal-1)" [_thread_blocked, id=8876, stack(0x000000001e1f0000,0x000000001e2f0000)]
  0x000000001a8bf800 JavaThread "File lock request listener" [_thread_in_native, id=13516, stack(0x000000001d020000,0x000000001d120000)]
  0x000000001c24b000 JavaThread "Cache worker for file hash cache (C:\Users\MONSTER\.gradle\caches\4.10.1\fileHashes)" [_thread_blocked, id=6340, stack(0x000000001cf20000,0x000000001d020000)]
  0x0000000018983800 JavaThread "Daemon periodic checks" [_thread_blocked, id=14040, stack(0x000000001b350000,0x000000001b450000)]
  0x000000001897f000 JavaThread "Incoming local TCP Connector on port 49965" [_thread_in_native, id=18036, stack(0x000000001b110000,0x000000001b210000)]
  0x00000000186d3800 JavaThread "Service Thread" daemon [_thread_blocked, id=16952, stack(0x0000000019200000,0x0000000019300000)]
  0x000000001864a800 JavaThread "C1 CompilerThread3" daemon [_thread_blocked, id=15368, stack(0x0000000019100000,0x0000000019200000)]
  0x0000000018643800 JavaThread "C2 CompilerThread2" daemon [_thread_blocked, id=10648, stack(0x0000000019000000,0x0000000019100000)]
  0x000000001863d800 JavaThread "C2 CompilerThread1" daemon [_thread_blocked, id=10852, stack(0x0000000018f00000,0x0000000019000000)]
=>0x000000001863b800 JavaThread "C2 CompilerThread0" daemon [_thread_in_native, id=11556, stack(0x0000000018e00000,0x0000000018f00000)]
  0x000000001863a800 JavaThread "Attach Listener" daemon [_thread_blocked, id=4148, stack(0x0000000018d00000,0x0000000018e00000)]
  0x000000000296d000 JavaThread "Signal Dispatcher" daemon [_thread_blocked, id=13692, stack(0x0000000018c00000,0x0000000018d00000)]
  0x0000000018630800 JavaThread "Finalizer" daemon [_thread_blocked, id=7248, stack(0x0000000018a10000,0x0000000018b10000)]
  0x0000000002967000 JavaThread "Reference Handler" daemon [_thread_blocked, id=18164, stack(0x0000000018510000,0x0000000018610000)]
  0x0000000002872800 JavaThread "main" [_thread_blocked, id=11940, stack(0x0000000002770000,0x0000000002870000)]

Other Threads:
  0x0000000016726800 VMThread [stack: 0x0000000018410000,0x0000000018510000] [id=7448]
  0x00000000186d4800 WatcherThread [stack: 0x0000000019300000,0x0000000019400000] [id=17612]

VM state:not at safepoint (normal execution)

VM Mutex/Monitor currently owned by a thread: None

Heap:
 PSYoungGen      total 430080K, used 135989K [0x00000000e0000000, 0x00000000ff180000, 0x0000000100000000)
  eden space 347648K, 33% used [0x00000000e0000000,0x00000000e71dd708,0x00000000f5380000)
  from space 82432K, 23% used [0x00000000f5380000,0x00000000f666fd88,0x00000000fa400000)
  to   space 78848K, 0% used [0x00000000fa480000,0x00000000fa480000,0x00000000ff180000)
 ParOldGen       total 429056K, used 42640K [0x00000000a0000000, 0x00000000ba300000, 0x00000000e0000000)
  object space 429056K, 9% used [0x00000000a0000000,0x00000000a29a4100,0x00000000ba300000)
 Metaspace       used 93965K, capacity 98588K, committed 100904K, reserved 1136640K
  class space    used 11494K, capacity 12325K, committed 12848K, reserved 1048576K

Card table byte_map: [0x0000000011d30000,0x0000000012040000] byte_map_base: 0x0000000011830000

Marking Bits: (ParMarkBitMap*) 0x00000000626f5aa0
 Begin Bits: [0x0000000012a40000, 0x0000000014240000)
 End Bits:   [0x0000000014240000, 0x0000000015a40000)

Polling page: 0x0000000000a30000

CodeCache: size=245760Kb used=83197Kb max_used=83626Kb free=162562Kb
 bounds [0x0000000002970000, 0x0000000007c00000, 0x0000000011970000]
 total_blobs=22798 nmethods=21920 adapters=787
 compilation: enabled

Compilation events (10 events):
Event: 6656.722 Thread 0x000000001863b800 nmethod 30877 0x0000000006018290 code [0x0000000006018400, 0x0000000006018510]
Event: 6656.722 Thread 0x000000001863b800 30892       4       com.android.ide.common.resources.NodeUtils::duplicateNode (315 bytes)
Event: 6656.865 Thread 0x000000001863d800 nmethod 30876 0x000000000557f5d0 code [0x000000000557fbe0, 0x0000000005583e80]
Event: 6656.865 Thread 0x000000001863d800 30893       4       com.android.ide.common.resources.NodeUtils::addAttribute (71 bytes)
Event: 6656.883 Thread 0x000000001863d800 nmethod 30893 0x00000000073e3f10 code [0x00000000073e40c0, 0x00000000073e4738]
Event: 6656.883 Thread 0x000000001863d800 30869       4       com.sun.org.apache.xerces.internal.dom.NodeImpl::getUserDataRecord (9 bytes)
Event: 6656.890 Thread 0x000000001863d800 nmethod 30869 0x000000000502a390 code [0x000000000502a500, 0x000000000502a758]
Event: 6656.903 Thread 0x0000000018643800 nmethod 30835% 0x000000000794cd90 code [0x000000000794d260, 0x0000000007952c08]
Event: 6657.060 Thread 0x000000001864a800 30894       3       com.google.common.util.concurrent.AbstractFuture::set (32 bytes)
Event: 6657.061 Thread 0x000000001864a800 nmethod 30894 0x00000000066484d0 code [0x0000000006648640, 0x0000000006648908]

GC Heap History (10 events):
Event: 6624.815 GC heap before
{Heap before GC invocations=89 (full 16):
 PSYoungGen      total 429056K, used 344826K [0x00000000e0000000, 0x0000000100000000, 0x0000000100000000)
  eden space 335872K, 100% used [0x00000000e0000000,0x00000000f4800000,0x00000000f4800000)
  from space 93184K, 9% used [0x00000000fa180000,0x00000000faa3e870,0x00000000ffc80000)
  to   space 91648K, 0% used [0x00000000f4800000,0x00000000f4800000,0x00000000fa180000)
 ParOldGen       total 429056K, used 42600K [0x00000000a0000000, 0x00000000ba300000, 0x00000000e0000000)
  object space 429056K, 9% used [0x00000000a0000000,0x00000000a299a100,0x00000000ba300000)
 Metaspace       used 93361K, capacity 97850K, committed 100136K, reserved 1136640K
  class space    used 11466K, capacity 12298K, committed 12848K, reserved 1048576K
Event: 6624.828 GC heap after
Heap after GC invocations=89 (full 16):
 PSYoungGen      total 427520K, used 13265K [0x00000000e0000000, 0x00000000ff880000, 0x0000000100000000)
  eden space 335872K, 0% used [0x00000000e0000000,0x00000000e0000000,0x00000000f4800000)
  from space 91648K, 14% used [0x00000000f4800000,0x00000000f54f47d8,0x00000000fa180000)
  to   space 88576K, 0% used [0x00000000fa200000,0x00000000fa200000,0x00000000ff880000)
 ParOldGen       total 429056K, used 42608K [0x00000000a0000000, 0x00000000ba300000, 0x00000000e0000000)
  object space 429056K, 9% used [0x00000000a0000000,0x00000000a299c100,0x00000000ba300000)
 Metaspace       used 93361K, capacity 97850K, committed 100136K, reserved 1136640K
  class space    used 11466K, capacity 12298K, committed 12848K, reserved 1048576K
}
Event: 6626.637 GC heap before
{Heap before GC invocations=90 (full 16):
 PSYoungGen      total 427520K, used 349137K [0x00000000e0000000, 0x00000000ff880000, 0x0000000100000000)
  eden space 335872K, 100% used [0x00000000e0000000,0x00000000f4800000,0x00000000f4800000)
  from space 91648K, 14% used [0x00000000f4800000,0x00000000f54f47d8,0x00000000fa180000)
  to   space 88576K, 0% used [0x00000000fa200000,0x00000000fa200000,0x00000000ff880000)
 ParOldGen       total 429056K, used 42608K [0x00000000a0000000, 0x00000000ba300000, 0x00000000e0000000)
  object space 429056K, 9% used [0x00000000a0000000,0x00000000a299c100,0x00000000ba300000)
 Metaspace       used 93467K, capacity 97996K, committed 100392K, reserved 1136640K
  class space    used 11471K, capacity 12301K, committed 12848K, reserved 1048576K
Event: 6626.654 GC heap after
Heap after GC invocations=90 (full 16):
 PSYoungGen      total 428544K, used 16394K [0x00000000e0000000, 0x00000000ff580000, 0x0000000100000000)
  eden space 343040K, 0% used [0x00000000e0000000,0x00000000e0000000,0x00000000f4f00000)
  from space 85504K, 19% used [0x00000000fa200000,0x00000000fb202ad0,0x00000000ff580000)
  to   space 84992K, 0% used [0x00000000f4f00000,0x00000000f4f00000,0x00000000fa200000)
 ParOldGen       total 429056K, used 42616K [0x00000000a0000000, 0x00000000ba300000, 0x00000000e0000000)
  object space 429056K, 9% used [0x00000000a0000000,0x00000000a299e100,0x00000000ba300000)
 Metaspace       used 93467K, capacity 97996K, committed 100392K, reserved 1136640K
  class space    used 11471K, capacity 12301K, committed 12848K, reserved 1048576K
}
Event: 6628.465 GC heap before
{Heap before GC invocations=91 (full 16):
 PSYoungGen      total 428544K, used 359434K [0x00000000e0000000, 0x00000000ff580000, 0x0000000100000000)
  eden space 343040K, 100% used [0x00000000e0000000,0x00000000f4f00000,0x00000000f4f00000)
  from space 85504K, 19% used [0x00000000fa200000,0x00000000fb202ad0,0x00000000ff580000)
  to   space 84992K, 0% used [0x00000000f4f00000,0x00000000f4f00000,0x00000000fa200000)
 ParOldGen       total 429056K, used 42616K [0x00000000a0000000, 0x00000000ba300000, 0x00000000e0000000)
  object space 429056K, 9% used [0x00000000a0000000,0x00000000a299e100,0x00000000ba300000)
 Metaspace       used 93477K, capacity 97996K, committed 100392K, reserved 1136640K
  class space    used 11471K, capacity 12301K, committed 12848K, reserved 1048576K
Event: 6628.477 GC heap after
Heap after GC invocations=91 (full 16):
 PSYoungGen      total 428032K, used 17978K [0x00000000e0000000, 0x00000000ff300000, 0x0000000100000000)
  eden space 343040K, 0% used [0x00000000e0000000,0x00000000e0000000,0x00000000f4f00000)
  from space 84992K, 21% used [0x00000000f4f00000,0x00000000f608ea30,0x00000000fa200000)
  to   space 80896K, 0% used [0x00000000fa400000,0x00000000fa400000,0x00000000ff300000)
 ParOldGen       total 429056K, used 42624K [0x00000000a0000000, 0x00000000ba300000, 0x00000000e0000000)
  object space 429056K, 9% used [0x00000000a0000000,0x00000000a29a0100,0x00000000ba300000)
 Metaspace       used 93477K, capacity 97996K, committed 100392K, reserved 1136640K
  class space    used 11471K, capacity 12301K, committed 12848K, reserved 1048576K
}
Event: 6631.813 GC heap before
{Heap before GC invocations=92 (full 16):
 PSYoungGen      total 428032K, used 361018K [0x00000000e0000000, 0x00000000ff300000, 0x0000000100000000)
  eden space 343040K, 100% used [0x00000000e0000000,0x00000000f4f00000,0x00000000f4f00000)
  from space 84992K, 21% used [0x00000000f4f00000,0x00000000f608ea30,0x00000000fa200000)
  to   space 80896K, 0% used [0x00000000fa400000,0x00000000fa400000,0x00000000ff300000)
 ParOldGen       total 429056K, used 42624K [0x00000000a0000000, 0x00000000ba300000, 0x00000000e0000000)
  object space 429056K, 9% used [0x00000000a0000000,0x00000000a29a0100,0x00000000ba300000)
 Metaspace       used 93663K, capacity 98204K, committed 100648K, reserved 1136640K
  class space    used 11478K, capacity 12305K, committed 12848K, reserved 1048576K
Event: 6631.843 GC heap after
Heap after GC invocations=92 (full 16):
 PSYoungGen      total 428544K, used 45044K [0x00000000e0000000, 0x00000000ff500000, 0x0000000100000000)
  eden space 347648K, 0% used [0x00000000e0000000,0x00000000e0000000,0x00000000f5380000)
  from space 80896K, 55% used [0x00000000fa400000,0x00000000fcffd110,0x00000000ff300000)
  to   space 82432K, 0% used [0x00000000f5380000,0x00000000f5380000,0x00000000fa400000)
 ParOldGen       total 429056K, used 42632K [0x00000000a0000000, 0x00000000ba300000, 0x00000000e0000000)
  object space 429056K, 9% used [0x00000000a0000000,0x00000000a29a2100,0x00000000ba300000)
 Metaspace       used 93663K, capacity 98204K, committed 100648K, reserved 1136640K
  class space    used 11478K, capacity 12305K, committed 12848K, reserved 1048576K
}
Event: 6655.501 GC heap before
{Heap before GC invocations=93 (full 16):
 PSYoungGen      total 428544K, used 392692K [0x00000000e0000000, 0x00000000ff500000, 0x0000000100000000)
  eden space 347648K, 100% used [0x00000000e0000000,0x00000000f5380000,0x00000000f5380000)
  from space 80896K, 55% used [0x00000000fa400000,0x00000000fcffd110,0x00000000ff300000)
  to   space 82432K, 0% used [0x00000000f5380000,0x00000000f5380000,0x00000000fa400000)
 ParOldGen       total 429056K, used 42632K [0x00000000a0000000, 0x00000000ba300000, 0x00000000e0000000)
  object space 429056K, 9% used [0x00000000a0000000,0x00000000a29a2100,0x00000000ba300000)
 Metaspace       used 93903K, capacity 98524K, committed 100648K, reserved 1136640K
  class space    used 11493K, capacity 12325K, committed 12848K, reserved 1048576K
Event: 6655.517 GC heap after
Heap after GC invocations=93 (full 16):
 PSYoungGen      total 430080K, used 19391K [0x00000000e0000000, 0x00000000ff180000, 0x0000000100000000)
  eden space 347648K, 0% used [0x00000000e0000000,0x00000000e0000000,0x00000000f5380000)
  from space 82432K, 23% used [0x00000000f5380000,0x00000000f666fd88,0x00000000fa400000)
  to   space 78848K, 0% used [0x00000000fa480000,0x00000000fa480000,0x00000000ff180000)
 ParOldGen       total 429056K, used 42640K [0x00000000a0000000, 0x00000000ba300000, 0x00000000e0000000)
  object space 429056K, 9% used [0x00000000a0000000,0x00000000a29a4100,0x00000000ba300000)
 Metaspace       used 93903K, capacity 98524K, committed 100648K, reserved 1136640K
  class space    used 11493K, capacity 12325K, committed 12848K, reserved 1048576K
}

Deoptimization events (10 events):
Event: 6635.808 Thread 0x000000001d90f000 Uncommon trap: reason=unstable_if action=reinterpret pc=0x000000000322ad60 method=com.android.build.gradle.internal.LoggerWrapper.log(Lorg/gradle/api/logging/LogLevel;Ljava/lang/String;[Ljava/lang/Object;)V @ 10
Event: 6643.235 Thread 0x000000001dcb4000 Uncommon trap: reason=unstable_if action=reinterpret pc=0x000000000322a81c method=com.android.build.gradle.internal.LoggerWrapper.log(Lorg/gradle/api/logging/LogLevel;Ljava/lang/String;[Ljava/lang/Object;)V @ 10
Event: 6643.235 Thread 0x000000001c8fa800 Uncommon trap: reason=unstable_if action=reinterpret pc=0x000000000322a81c method=com.android.build.gradle.internal.LoggerWrapper.log(Lorg/gradle/api/logging/LogLevel;Ljava/lang/String;[Ljava/lang/Object;)V @ 10
Event: 6643.235 Thread 0x000000001d90d800 Uncommon trap: reason=unstable_if action=reinterpret pc=0x000000000322a81c method=com.android.build.gradle.internal.LoggerWrapper.log(Lorg/gradle/api/logging/LogLevel;Ljava/lang/String;[Ljava/lang/Object;)V @ 10
Event: 6648.067 Thread 0x000000001dcbd000 Uncommon trap: reason=bimorphic action=maybe_recompile pc=0x00000000055c3930 method=com.google.common.cache.LocalCache$Segment.storeLoadedValue(Ljava/lang/Object;ILcom/google/common/cache/LocalCache$LoadingValueReference;Ljava/lang/Object;)Z @ 286
Event: 6648.110 Thread 0x000000001dcc0000 Uncommon trap: reason=class_check action=maybe_recompile pc=0x0000000004133600 method=java.util.AbstractList.add(Ljava/lang/Object;)Z @ 2
Event: 6656.719 Thread 0x000000001c8f7800 Uncommon trap: reason=bimorphic action=maybe_recompile pc=0x000000000773659c method=com.android.ide.common.resources.NodeUtils.duplicateNode(Lorg/w3c/dom/Document;Lorg/w3c/dom/Node;)Lorg/w3c/dom/Node; @ 80
Event: 6656.719 Thread 0x000000001c8f7800 Uncommon trap: reason=bimorphic action=maybe_recompile pc=0x000000000773659c method=com.android.ide.common.resources.NodeUtils.duplicateNode(Lorg/w3c/dom/Document;Lorg/w3c/dom/Node;)Lorg/w3c/dom/Node; @ 80
Event: 6656.720 Thread 0x000000001c8f7800 Uncommon trap: reason=bimorphic action=maybe_recompile pc=0x000000000773659c method=com.android.ide.common.resources.NodeUtils.duplicateNode(Lorg/w3c/dom/Document;Lorg/w3c/dom/Node;)Lorg/w3c/dom/Node; @ 80
Event: 6656.720 Thread 0x000000001c8f7800 Uncommon trap: reason=bimorphic action=maybe_recompile pc=0x000000000773659c method=com.android.ide.common.resources.NodeUtils.duplicateNode(Lorg/w3c/dom/Document;Lorg/w3c/dom/Node;)Lorg/w3c/dom/Node; @ 80

Classes redefined (0 events):
No events

Internal exceptions (10 events):
Event: 6648.084 Thread 0x000000001dcbd000 Exception <a 'sun/nio/fs/WindowsException'> (0x00000000f360ce90) thrown at [D:\src\AOSP-openjdk-cygwin\jdk8u\hotspot\src\share\vm\prims\jni.cpp, line 709]
Event: 6648.084 Thread 0x000000001dcbd000 Exception <a 'sun/nio/fs/WindowsException'> (0x00000000f360d6a8) thrown at [D:\src\AOSP-openjdk-cygwin\jdk8u\hotspot\src\share\vm\prims\jni.cpp, line 709]
Event: 6648.085 Thread 0x000000001dcbd000 Exception <a 'sun/nio/fs/WindowsException'> (0x00000000f360e7d0) thrown at [D:\src\AOSP-openjdk-cygwin\jdk8u\hotspot\src\share\vm\prims\jni.cpp, line 709]
Event: 6648.085 Thread 0x000000001dcbd000 Exception <a 'sun/nio/fs/WindowsException'> (0x00000000f360eff8) thrown at [D:\src\AOSP-openjdk-cygwin\jdk8u\hotspot\src\share\vm\prims\jni.cpp, line 709]
Event: 6648.085 Thread 0x000000001dcbd000 Exception <a 'sun/nio/fs/WindowsException'> (0x00000000f3610030) thrown at [D:\src\AOSP-openjdk-cygwin\jdk8u\hotspot\src\share\vm\prims\jni.cpp, line 709]
Event: 6648.085 Thread 0x000000001dcbd000 Exception <a 'sun/nio/fs/WindowsException'> (0x00000000f3610848) thrown at [D:\src\AOSP-openjdk-cygwin\jdk8u\hotspot\src\share\vm\prims\jni.cpp, line 709]
Event: 6655.370 Thread 0x000000001c4bf000 Exception <a 'sun/nio/fs/WindowsException'> (0x00000000f41c56f0) thrown at [D:\src\AOSP-openjdk-cygwin\jdk8u\hotspot\src\share\vm\prims\jni.cpp, line 709]
Event: 6655.372 Thread 0x000000001c4bf000 Exception <a 'sun/nio/fs/WindowsException'> (0x00000000f41d1dd0) thrown at [D:\src\AOSP-openjdk-cygwin\jdk8u\hotspot\src\share\vm\prims\jni.cpp, line 709]
Event: 6655.664 Thread 0x000000001c8f7800 Exception <a 'sun/nio/fs/WindowsException'> (0x00000000e0dcf040) thrown at [D:\src\AOSP-openjdk-cygwin\jdk8u\hotspot\src\share\vm\prims\jni.cpp, line 709]
Event: 6655.670 Thread 0x000000001c8f7800 Exception <a 'sun/nio/fs/WindowsException'> (0x00000000e0dea1d8) thrown at [D:\src\AOSP-openjdk-cygwin\jdk8u\hotspot\src\share\vm\prims\jni.cpp, line 709]

Events (10 events):
Event: 6656.764 Thread 0x000000001dcbb800 Thread added: 0x000000001dcbb800
Event: 6656.764 Thread 0x000000001dcbc800 Thread added: 0x000000001dcbc800
Event: 6656.764 Thread 0x000000001dcc1000 Thread added: 0x000000001dcc1000
Event: 6656.764 Thread 0x000000001dcbe800 Thread added: 0x000000001dcbe800
Event: 6656.773 Thread 0x0000000020417800 Thread added: 0x0000000020417800
Event: 6656.773 Thread 0x0000000020419000 Thread added: 0x0000000020419000
Event: 6656.808 Thread 0x0000000020418000 Thread added: 0x0000000020418000
Event: 6656.808 Thread 0x0000000020419800 Thread added: 0x0000000020419800
Event: 6656.894 Thread 0x0000000020414800 Thread added: 0x0000000020414800
Event: 6656.894 Thread 0x000000002041b000 Thread added: 0x000000002041b000


Dynamic libraries:
0x00007ff6a15c0000 - 0x00007ff6a15f1000 	C:\Program Files\Android\Android Studio\jre\bin\java.exe
0x00007ffb61000000 - 0x00007ffb611f0000 	C:\WINDOWS\SYSTEM32\ntdll.dll
0x00007ffb5fac0000 - 0x00007ffb5fb72000 	C:\WINDOWS\System32\KERNEL32.DLL
0x00007ffb5ec10000 - 0x00007ffb5eeb4000 	C:\WINDOWS\System32\KERNELBASE.dll
0x00007ffb5f730000 - 0x00007ffb5f7d3000 	C:\WINDOWS\System32\ADVAPI32.dll
0x00007ffb5f420000 - 0x00007ffb5f4be000 	C:\WINDOWS\System32\msvcrt.dll
0x00007ffb5f890000 - 0x00007ffb5f927000 	C:\WINDOWS\System32\sechost.dll
0x00007ffb5f290000 - 0x00007ffb5f3b0000 	C:\WINDOWS\System32\RPCRT4.dll
0x00007ffb5f4f0000 - 0x00007ffb5f684000 	C:\WINDOWS\System32\USER32.dll
0x00007ffb5e0f0000 - 0x00007ffb5e111000 	C:\WINDOWS\System32\win32u.dll
0x00007ffb5f4c0000 - 0x00007ffb5f4e6000 	C:\WINDOWS\System32\GDI32.dll
0x00007ffb5eef0000 - 0x00007ffb5f085000 	C:\WINDOWS\System32\gdi32full.dll
0x00007ffb5eb70000 - 0x00007ffb5ec0e000 	C:\WINDOWS\System32\msvcp_win.dll
0x00007ffb5dff0000 - 0x00007ffb5e0ea000 	C:\WINDOWS\System32\ucrtbase.dll
0x00007ffb5d370000 - 0x00007ffb5d5f4000 	C:\WINDOWS\WinSxS\amd64_microsoft.windows.common-controls_6595b64144ccf1df_6.0.18362.900_none_e6beb9d913147d17\COMCTL32.dll
0x00007ffb60150000 - 0x00007ffb60485000 	C:\WINDOWS\System32\combase.dll
0x00007ffb5e220000 - 0x00007ffb5e2a0000 	C:\WINDOWS\System32\bcryptPrimitives.dll
0x00007ffb5f260000 - 0x00007ffb5f28e000 	C:\WINDOWS\System32\IMM32.DLL
0x0000000061dc0000 - 0x0000000061e92000 	C:\Program Files\Android\Android Studio\jre\jre\bin\msvcr100.dll
0x0000000061f30000 - 0x0000000062771000 	C:\Program Files\Android\Android Studio\jre\jre\bin\server\jvm.dll
0x00007ffb5f9e0000 - 0x00007ffb5f9e8000 	C:\WINDOWS\System32\PSAPI.DLL
0x00007ffb478c0000 - 0x00007ffb478c9000 	C:\WINDOWS\SYSTEM32\WSOCK32.dll
0x00007ffb57920000 - 0x00007ffb57944000 	C:\WINDOWS\SYSTEM32\WINMM.dll
0x00007ffb57400000 - 0x00007ffb5740a000 	C:\WINDOWS\SYSTEM32\VERSION.dll
0x00007ffb5f3b0000 - 0x00007ffb5f41f000 	C:\WINDOWS\System32\WS2_32.dll
0x00007ffb578f0000 - 0x00007ffb5791d000 	C:\WINDOWS\SYSTEM32\WINMMBASE.dll
0x00007ffb5e1d0000 - 0x00007ffb5e21a000 	C:\WINDOWS\System32\cfgmgr32.dll
0x00007ffb5c510000 - 0x00007ffb5c51f000 	C:\Program Files\Android\Android Studio\jre\jre\bin\verify.dll
0x00007ffb5c4e0000 - 0x00007ffb5c509000 	C:\Program Files\Android\Android Studio\jre\jre\bin\java.dll
0x00007ffb5c4c0000 - 0x00007ffb5c4d6000 	C:\Program Files\Android\Android Studio\jre\jre\bin\zip.dll
0x00007ffb60860000 - 0x00007ffb60f46000 	C:\WINDOWS\System32\SHELL32.dll
0x00007ffb5f7e0000 - 0x00007ffb5f889000 	C:\WINDOWS\System32\shcore.dll
0x00007ffb5e2a0000 - 0x00007ffb5ea20000 	C:\WINDOWS\System32\windows.storage.dll
0x00007ffb5ded0000 - 0x00007ffb5def3000 	C:\WINDOWS\System32\profapi.dll
0x00007ffb5df20000 - 0x00007ffb5df6a000 	C:\WINDOWS\System32\powrprof.dll
0x00007ffb5dec0000 - 0x00007ffb5ded0000 	C:\WINDOWS\System32\UMPDC.dll
0x00007ffb5f200000 - 0x00007ffb5f252000 	C:\WINDOWS\System32\shlwapi.dll
0x00007ffb5df70000 - 0x00007ffb5df81000 	C:\WINDOWS\System32\kernel.appcore.dll
0x00007ffb5f090000 - 0x00007ffb5f0a7000 	C:\WINDOWS\System32\cryptsp.dll
0x00007ffb5c3a0000 - 0x00007ffb5c3ba000 	C:\Program Files\Android\Android Studio\jre\jre\bin\net.dll
0x00007ffb5d050000 - 0x00007ffb5d0b7000 	C:\WINDOWS\system32\mswsock.dll
0x00007ffb5c380000 - 0x00007ffb5c391000 	C:\Program Files\Android\Android Studio\jre\jre\bin\nio.dll
0x00007ffb5c320000 - 0x00007ffb5c33e000 	C:\Users\MONSTER\.gradle\native\25\windows-amd64\native-platform.dll
0x00007ffb5c4b0000 - 0x00007ffb5c4bd000 	C:\Program Files\Android\Android Studio\jre\jre\bin\management.dll
0x00007ffb5cbc0000 - 0x00007ffb5cbf3000 	C:\WINDOWS\system32\rsaenh.dll
0x00007ffb5eec0000 - 0x00007ffb5eee6000 	C:\WINDOWS\System32\bcrypt.dll
0x00007ffb5dde0000 - 0x00007ffb5de05000 	C:\WINDOWS\SYSTEM32\USERENV.dll
0x00007ffb5d220000 - 0x00007ffb5d22c000 	C:\WINDOWS\SYSTEM32\CRYPTBASE.dll
0x00007ffb5cd60000 - 0x00007ffb5cd9a000 	C:\WINDOWS\SYSTEM32\IPHLPAPI.DLL
0x00007ffb5fb80000 - 0x00007ffb5fb88000 	C:\WINDOWS\System32\NSI.dll
0x00007ffb55860000 - 0x00007ffb55876000 	C:\WINDOWS\SYSTEM32\dhcpcsvc6.DLL
0x00007ffb554a0000 - 0x00007ffb554bc000 	C:\WINDOWS\SYSTEM32\dhcpcsvc.DLL
0x00007ffb5cda0000 - 0x00007ffb5ce6b000 	C:\WINDOWS\SYSTEM32\DNSAPI.dll
0x00007ffb5d7a0000 - 0x00007ffb5d7d1000 	C:\WINDOWS\SYSTEM32\ntmarta.dll

VM Arguments:
jvm_args: -Xmx1536m -Dfile.encoding=windows-1254 -Duser.country=TR -Duser.language=tr -Duser.variant 
java_command: org.gradle.launcher.daemon.bootstrap.GradleDaemon 4.10.1
java_class_path (initial): C:\Users\MONSTER\.gradle\wrapper\dists\gradle-4.10.1-all\455itskqi2qtf0v2sja68alqd\gradle-4.10.1\lib\gradle-launcher-4.10.1.jar
Launcher Type: SUN_STANDARD

Environment Variables:
JAVA_HOME=C:\Program Files\Java\jre1.8.0_231
PATH=;C:\Python\Scripts\;C:\Python\;C:\Python\Python38-32\Scripts\;C:\Python\Python38-32\;C:\Program Files (x86)\Common Files\Oracle\Java\javapath;C:\ProgramData\Oracle\Java\javapath;C:\Program Files (x86)\Intel\iCLS Client\;C:\Program Files\Intel\iCLS Client\;C:\Windows\system32;C:\Windows;C:\Windows\System32\Wbem;C:\Windows\System32\WindowsPowerShell\v1.0\;C:\Program Files (x86)\Intel\Intel(R) Management Engine Components\DAL;C:\Program Files\Intel\Intel(R) Management Engine Components\DAL;C:\Program Files (x86)\Intel\Intel(R) Management Engine Components\IPT;C:\Program Files\Intel\Intel(R) Management Engine Components\IPT;C:\TDM-GCC-64\bin;C:\Program Files\Intel\WiFi\bin\;C:\Program Files\Common Files\Intel\WirelessCommon\;C:\Program Files (x86)\GtkSharp\2.12\bin;C:\WINDOWS\system32;C:\WINDOWS;C:\WINDOWS\System32\Wbem;C:\WINDOWS\System32\WindowsPowerShell\v1.0\;C:\WINDOWS\System32\OpenSSH\;C:\Program Files (x86)\Brackets\command;C:\Program Files\NVIDIA Corporation\NVIDIA NvDLISR;C:\WINDOWS\system32;C:\WINDOWS;C:\WINDOWS\System32\Wbem;C:\WINDOWS\System32\WindowsPowerShell\v1.0\;C:\WINDOWS\System32\OpenSSH\;C:\Program Files\nodejs;C:\Program Files (x86)\QuickTime\QTSystem\;C:\Program Files\CMake\bin;C:\ProgramData\chocolatey\bin;C:\Program Files\Git\cmd;C:\Program Files\Git\mingw64\bin;C:\Program Files\Git\usr\bin;C:\Users\MONSTER\AppData\Local\Microsoft\WindowsApps;C:\Program Files\Intel\WiFi\bin\;C:\Program Files\Common Files\Intel\WirelessCommon\;C:\Users\MONSTER\AppData\Local\GitHubDesktop\bin;C:\Users\MONSTER\AppData\Local\Microsoft\WindowsApps;C:\Users\MONSTER\AppData\Roaming\npm;C:\Users\MONSTER\AppData\Local\Programs\Microsoft VS Code\bin;C:\Users\MONSTER\AppData\Local\Android\sdk\platform-tools;;C:\Program Files\JetBrains\PyCharm Community Edition 2019.3.3\bin;;C:\libjpeg-turbo64\bin;C:\Program Files\Mercurial\;
USERNAME=MONSTER
OS=Windows_NT
PROCESSOR_IDENTIFIER=Intel64 Family 6 Model 94 Stepping 3, GenuineIntel



---------------  S Y S T E M  ---------------

OS: Windows 10.0 , 64 bit Build 18362 (10.0.18362.900)

CPU:total 8 (initial active 8) (4 cores per cpu, 2 threads per core) family 6 model 94 stepping 3, cmov, cx8, fxsr, mmx, sse, sse2, sse3, ssse3, sse4.1, sse4.2, popcnt, avx, avx2, aes, clmul, erms, rtm, 3dnowpref, lzcnt, ht, tsc, tscinvbit, bmi1, bmi2, adx

Memory: 4k page, physical 8336148k(491620k free), swap 33501972k(2472k free)

vm_info: OpenJDK 64-Bit Server VM (25.152-b01) for windows-amd64 JRE (1.8.0_152-release-1248-b01), built by "builder" with MS VC++ 10.0 (VS2010)

time: Thu Jul 02 00:23:57 2020
elapsed time: 6657 seconds (0d 1h 50m 57s)

